<?xml version="1.0" encoding="UTF-8"?>
<!-- Generated by org.testng.reporters.JUnitReportReporter -->
<testsuite hostname="DESKTOP-5DIKHIN" failures="0" tests="2" name="qaclickacademy.RestAPITest" time="0.031" errors="0" timestamp="2020-02-19T12:53:00 IST" skipped="0">
  <testcase classname="qaclickacademy.RestAPITest" name="deleteTwitter" time="0.031"/>
  <testcase classname="qaclickacademy.RestAPITest" name="postJira" time="0.000"/>
</testsuite> <!-- qaclickacademy.RestAPITest -->
