<?xml version="1.0" encoding="UTF-8"?>
<!-- Generated by org.testng.reporters.JUnitReportReporter -->
<testsuite hostname="DESKTOP-5DIKHIN" failures="0" tests="1" name="qaclickacademy.AppiumTest" time="0.000" errors="0" timestamp="2020-02-19T12:53:00 IST" skipped="0">
  <testcase classname="qaclickacademy.AppiumTest" name="runMethod" time="0.000"/>
</testsuite> <!-- qaclickacademy.AppiumTest -->
