<?xml version="1.0" encoding="UTF-8"?>
<!-- Generated by org.testng.reporters.JUnitReportReporter -->
<testsuite hostname="DESKTOP-5DIKHIN" failures="0" tests="2" name="qaclickacademy.SeleniumTest" time="0.016" errors="0" timestamp="2020-02-19T12:53:00 IST" skipped="0">
  <testcase classname="qaclickacademy.SeleniumTest" name="browserTesting" time="0.000"/>
  <testcase classname="qaclickacademy.SeleniumTest" name="elementUI" time="0.016"/>
</testsuite> <!-- qaclickacademy.SeleniumTest -->
