<?xml version="1.0" encoding="UTF-8"?>
<!-- Generated by org.testng.reporters.JUnitReportReporter -->
<testsuite hostname="DESKTOP-5DIKHIN" failures="0" tests="1" name="qaclickacademy.AppiumTest" time="0.004" errors="0" timestamp="2020-02-04T10:11:27 IST" skipped="0">
  <testcase classname="qaclickacademy.AppiumTest" name="runMethod" time="0.004"/>
  <system-out/>
</testsuite> <!-- qaclickacademy.AppiumTest -->
